gradleBuild/outputs/logs/manifest-merger-release-report.txt
-- Merging decision tree log ---
manifest
ADDED from FruitSweetColorFrame(0919)\FruitSweetColorFrame\AndroidManifest.xml:16:1-88:12
INJECTED from FruitSweetColorFrame(0919)\FruitSweetColorFrame\AndroidManifest.xml:16:1-88:12
INJECTED from FruitSweetColorFrame(0919)\FruitSweetColorFrame\AndroidManifest.xml:16:1-88:12
	package
		ADDED from FruitSweetColorFrame(0919)\FruitSweetColorFrame\AndroidManifest.xml:18:5-29
		INJECTED from FruitSweetColorFrame(0919)\FruitSweetColorFrame\AndroidManifest.xml
		INJECTED from FruitSweetColorFrame(0919)\FruitSweetColorFrame\AndroidManifest.xml
	xmlns:tools
		ADDED from FruitSweetColorFrame(0919)\FruitSweetColorFrame\AndroidManifest.xml:17:5-51
	xmlns:android
		ADDED from FruitSweetColorFrame(0919)\FruitSweetColorFrame\AndroidManifest.xml:16:11-69
supports-screens
ADDED from FruitSweetColorFrame(0919)\FruitSweetColorFrame\AndroidManifest.xml:20:5-26:40
	android:largeScreens
		ADDED from FruitSweetColorFrame(0919)\FruitSweetColorFrame\AndroidManifest.xml:22:9-36
	android:smallScreens
		ADDED from FruitSweetColorFrame(0919)\FruitSweetColorFrame\AndroidManifest.xml:25:9-36
	android:normalScreens
		ADDED from FruitSweetColorFrame(0919)\FruitSweetColorFrame\AndroidManifest.xml:23:9-37
	android:xlargeScreens
		ADDED from FruitSweetColorFrame(0919)\FruitSweetColorFrame\AndroidManifest.xml:26:9-37
	android:resizeable
		ADDED from FruitSweetColorFrame(0919)\FruitSweetColorFrame\AndroidManifest.xml:24:9-34
	android:anyDensity
		ADDED from FruitSweetColorFrame(0919)\FruitSweetColorFrame\AndroidManifest.xml:21:9-34
uses-permission#android.permission.CAMERA
ADDED from FruitSweetColorFrame(0919)\FruitSweetColorFrame\AndroidManifest.xml:30:5-65
	android:name
		ADDED from FruitSweetColorFrame(0919)\FruitSweetColorFrame\AndroidManifest.xml:30:22-62
uses-feature#android.hardware.camera
ADDED from FruitSweetColorFrame(0919)\FruitSweetColorFrame\AndroidManifest.xml:32:5-34:36
	android:required
		ADDED from FruitSweetColorFrame(0919)\FruitSweetColorFrame\AndroidManifest.xml:34:9-33
	android:name
		ADDED from FruitSweetColorFrame(0919)\FruitSweetColorFrame\AndroidManifest.xml:33:9-47
uses-feature#android.hardware.camera.autofocus
ADDED from FruitSweetColorFrame(0919)\FruitSweetColorFrame\AndroidManifest.xml:35:5-37:36
	android:required
		ADDED from FruitSweetColorFrame(0919)\FruitSweetColorFrame\AndroidManifest.xml:37:9-33
	android:name
		ADDED from FruitSweetColorFrame(0919)\FruitSweetColorFrame\AndroidManifest.xml:36:9-57
uses-feature#android.software.leanback
ADDED from FruitSweetColorFrame(0919)\FruitSweetColorFrame\AndroidManifest.xml:38:5-40:36
	android:required
		ADDED from FruitSweetColorFrame(0919)\FruitSweetColorFrame\AndroidManifest.xml:40:9-33
	android:name
		ADDED from FruitSweetColorFrame(0919)\FruitSweetColorFrame\AndroidManifest.xml:39:9-49
uses-feature#android.hardware.touchscreen
ADDED from FruitSweetColorFrame(0919)\FruitSweetColorFrame\AndroidManifest.xml:41:5-43:36
	android:required
		ADDED from FruitSweetColorFrame(0919)\FruitSweetColorFrame\AndroidManifest.xml:43:9-33
	android:name
		ADDED from FruitSweetColorFrame(0919)\FruitSweetColorFrame\AndroidManifest.xml:42:9-52
uses-permission#android.permission.WRITE_EXTERNAL_STORAGE
ADDED from FruitSweetColorFrame(0919)\FruitSweetColorFrame\AndroidManifest.xml:45:5-81
	android:name
		ADDED from FruitSweetColorFrame(0919)\FruitSweetColorFrame\AndroidManifest.xml:45:22-78
uses-permission#android.permission.RECORD_AUDIO
ADDED from FruitSweetColorFrame(0919)\FruitSweetColorFrame\AndroidManifest.xml:46:5-71
	android:name
		ADDED from FruitSweetColorFrame(0919)\FruitSweetColorFrame\AndroidManifest.xml:46:22-68
uses-permission#android.permission.READ_PHONE_STATE
ADDED from FruitSweetColorFrame(0919)\FruitSweetColorFrame\AndroidManifest.xml:47:5-75
	android:name
		ADDED from FruitSweetColorFrame(0919)\FruitSweetColorFrame\AndroidManifest.xml:47:22-72
uses-permission#android.permission.READ_EXTERNAL_STORAGE
ADDED from FruitSweetColorFrame(0919)\FruitSweetColorFrame\AndroidManifest.xml:48:5-80
	android:name
		ADDED from FruitSweetColorFrame(0919)\FruitSweetColorFrame\AndroidManifest.xml:48:22-77
uses-permission#android.permission.INTERNET
ADDED from FruitSweetColorFrame(0919)\FruitSweetColorFrame\AndroidManifest.xml:49:5-67
	android:name
		ADDED from FruitSweetColorFrame(0919)\FruitSweetColorFrame\AndroidManifest.xml:49:22-64
application
ADDED from FruitSweetColorFrame(0919)\FruitSweetColorFrame\AndroidManifest.xml:51:5-86:19
	android:label
		ADDED from FruitSweetColorFrame(0919)\FruitSweetColorFrame\AndroidManifest.xml:56:9-41
	android:debuggable
		ADDED from FruitSweetColorFrame(0919)\FruitSweetColorFrame\AndroidManifest.xml:54:9-34
	tools:ignore
		ADDED from FruitSweetColorFrame(0919)\FruitSweetColorFrame\AndroidManifest.xml:58:9-58
	android:largeHeap
		ADDED from FruitSweetColorFrame(0919)\FruitSweetColorFrame\AndroidManifest.xml:53:9-33
	android:icon
		ADDED from FruitSweetColorFrame(0919)\FruitSweetColorFrame\AndroidManifest.xml:55:9-41
	android:allowBackup
		ADDED from FruitSweetColorFrame(0919)\FruitSweetColorFrame\AndroidManifest.xml:52:9-35
	android:theme
		ADDED from FruitSweetColorFrame(0919)\FruitSweetColorFrame\AndroidManifest.xml:57:9-53
activity#com.cyut.fruit.ClassifierActivity
ADDED from FruitSweetColorFrame(0919)\FruitSweetColorFrame\AndroidManifest.xml:62:9-79:20
	android:screenOrientation
		ADDED from FruitSweetColorFrame(0919)\FruitSweetColorFrame\AndroidManifest.xml:69:13-49
	android:label
		ADDED from FruitSweetColorFrame(0919)\FruitSweetColorFrame\AndroidManifest.xml:68:13-45
	android:windowSoftInputMode
		ADDED from FruitSweetColorFrame(0919)\FruitSweetColorFrame\AndroidManifest.xml:65:13-72
	android:theme
		ADDED from FruitSweetColorFrame(0919)\FruitSweetColorFrame\AndroidManifest.xml:64:13-57
	android:name
		ADDED from FruitSweetColorFrame(0919)\FruitSweetColorFrame\AndroidManifest.xml:63:13-61
uses-sdk
INJECTED from FruitSweetColorFrame(0919)\FruitSweetColorFrame\AndroidManifest.xml reason: use-sdk injection requested
INJECTED from FruitSweetColorFrame(0919)\FruitSweetColorFrame\AndroidManifest.xml
INJECTED from FruitSweetColorFrame(0919)\FruitSweetColorFrame\AndroidManifest.xml
	android:minSdkVersion
		INJECTED from FruitSweetColorFrame(0919)\FruitSweetColorFrame\AndroidManifest.xml
		ADDED from FruitSweetColorFrame(0919)\FruitSweetColorFrame\AndroidManifest.xml
		INJECTED from FruitSweetColorFrame(0919)\FruitSweetColorFrame\AndroidManifest.xml